<?xml version="1.0" encoding="UTF-8"?>
<!-- Generated by org.testng.reporters.JUnitXMLReporter -->
<testsuite ignored="0" hostname="DESKTOP-G7QUAJ4" failures="0" tests="5" name="OrangeHRM" time="140.223" errors="0" timestamp="23 Oct 2024 12:06:27 GMT">
  <testcase classname="PK3OrangeHRM.OrangeHRMDatafromExcel" name="CreateOrganeHRM" time="55.79"/>
  <testcase classname="PK3OrangeHRM.OrangeHRMDatafromExcel" name="EditOrganeHRM" time="31.91"/>
  <testcase classname="PK3OrangeHRM.OrangeHRMDatafromExcel" name="AddLeave" time="17.384"/>
  <testcase classname="PK3OrangeHRM.OrangeHRMDatafromExcel" name="EditLeave" time="18.908"/>
  <testcase classname="PK3OrangeHRM.OrangeHRMDatafromExcel" name="DeleteLeave" time="14.326"/>
</testsuite> <!-- OrangeHRM -->
