<?xml version="1.0" encoding="UTF-8"?>
<!-- Generated by org.testng.reporters.JUnitXMLReporter -->
<testsuite ignored="0" hostname="DESKTOP-G7QUAJ4" failures="0" tests="9" name="Test" time="447.536" errors="0" timestamp="20 Oct 2024 07:13:49 GMT">
  <testcase classname="PK1.DemoqaxpathDatafromExcel" name="DemoqaRelativexpath" time="87.768"/>
  <testcase classname="PK1.DemoqaxpathDatafromExcel" name="DemoqaRelativexpath" time="72.44"/>
  <testcase classname="PK1.DemoqaxpathDatafromExcel" name="DemoqaRelativexpath" time="100.453"/>
  <testcase classname="PK3OrangeHRM.OrangeHRMDatafromExcel" name="CreateOrganeHRM" time="49.624"/>
  <testcase classname="PK3OrangeHRM.OrangeHRMDatafromExcel" name="CreateOrganeHRM" time="52.522"/>
  <testcase classname="PK3OrangeHRM.OrangeHRMDatafromExcel" name="EditOrganeHRM" time="31.327"/>
  <testcase classname="PK3OrangeHRM.OrangeHRMDatafromExcel" name="AddLeave" time="17.726"/>
  <testcase classname="PK3OrangeHRM.OrangeHRMDatafromExcel" name="EditLeave" time="18.343"/>
  <testcase classname="PK3OrangeHRM.OrangeHRMDatafromExcel" name="DeleteLeave" time="14.339"/>
</testsuite> <!-- Test -->
