<?xml version="1.0" encoding="UTF-8"?>
<testng-results ignored="0" total="1" passed="1" failed="0" skipped="0">
  <reporter-output>
    <line>
      <![CDATA[Open Website URL]]>
    </line>
  </reporter-output>
  <suite started-at="2024-10-29T09:36:44Z" name="Suite" finished-at="2024-10-29T09:38:06Z" duration-ms="82365">
    <groups>
    </groups>
    <test started-at="2024-10-29T09:36:44Z" name="DemoQA" finished-at="2024-10-29T09:38:06Z" duration-ms="82365">
      <class name="PK1.DemoqaxpathDatafromExcel">
        <test-method signature="DemoqaRelativexpath(java.lang.String, java.lang.String, java.lang.String, java.lang.String, java.lang.String, java.lang.String)[pri:0, instance:PK1.DemoqaxpathDatafromExcel@78a773fd]" started-at="2024-10-29T15:06:47Z" name="DemoqaRelativexpath" data-provider="excelData" finished-at="2024-10-29T15:08:06Z" duration-ms="79287" status="PASS">
          <params>
            <param index="0">
              <value>
                <![CDATA[Chrome]]>
              </value>
            </param>
            <param index="1">
              <value>
                <![CDATA[Piyush2]]>
              </value>
            </param>
            <param index="2">
              <value>
                <![CDATA[Kharwani2]]>
              </value>
            </param>
            <param index="3">
              <value>
                <![CDATA[Richa622@gmail.com]]>
              </value>
            </param>
            <param index="4">
              <value>
                <![CDATA[8226442972]]>
              </value>
            </param>
            <param index="5">
              <value>
                <![CDATA[Landscape2]]>
              </value>
            </param>
          </params>
          <reporter-output>
            <line>
              <![CDATA[Open Website URL]]>
            </line>
          </reporter-output>
        </test-method> <!-- DemoqaRelativexpath -->
      </class> <!-- PK1.DemoqaxpathDatafromExcel -->
    </test> <!-- DemoQA -->
  </suite> <!-- Suite -->
</testng-results>
